<?xml version="1.0" encoding="UTF-8"?>
<!-- Generated by org.testng.reporters.JUnitReportReporter -->
<testsuite hostname="vdc01dllap0284" name="comcast.test.login.LoginToApplicationWithValidCredentials" tests="4" failures="0" timestamp="27 Mar 2017 12:27:08 GMT" time="35.160" errors="0">
  <testcase name="Step01_NavigeteToURL" time="24.446" classname="comcast.test.login.LoginToApplicationWithValidCredentials"/>
  <testcase name="Step04_EnterEamilPassClickOnLoginButton" time="5.467" classname="comcast.test.login.LoginToApplicationWithValidCredentials"/>
  <testcase name="Step03_ClickOnLoginButton" time="5.221" classname="comcast.test.login.LoginToApplicationWithValidCredentials"/>
  <testcase name="Step02_VerifyLoginButton" time="0.026" classname="comcast.test.login.LoginToApplicationWithValidCredentials"/>
</testsuite> <!-- comcast.test.login.LoginToApplicationWithValidCredentials -->
